[debug] ----------------------------------------------------------------------
[debug] Command:      /usr/local/bin/node /usr/local/bin/firebase serve
[debug] CLI Version:  3.2.0
[debug] Platform:     darwin
[debug] Node Version: v4.6.1
[debug] Time:         Sat Dec 24 2016 12:55:35 GMT-0500 (EST)
[debug] ----------------------------------------------------------------------
[debug] 
[info] Starting Firebase development server...
[info] 
[info] Project Directory: /Users/squeen/GitHub/autonomous-app
[info] Public Directory: ./
[info] 
[info] Server listening at: http://localhost:5000
[debug] ----------------------------------------------------------------------
[debug] Command:      /usr/local/bin/node /usr/local/bin/firebase serve
[debug] CLI Version:  3.2.0
[debug] Platform:     darwin
[debug] Node Version: v4.6.1
[debug] Time:         Sat Dec 24 2016 16:22:04 GMT-0500 (EST)
[debug] ----------------------------------------------------------------------
[debug] 
[info] Starting Firebase development server...
[info] 
[info] Project Directory: /Users/squeen/GitHub/autonomous-app
[info] Public Directory: ./
[info] 
[info] Server listening at: http://localhost:5000
[debug] ----------------------------------------------------------------------
[debug] Command:      /usr/local/bin/node /usr/local/bin/firebase serve
[debug] CLI Version:  3.2.0
[debug] Platform:     darwin
[debug] Node Version: v4.6.1
[debug] Time:         Sun Jan 01 2017 22:06:34 GMT-0500 (EST)
[debug] ----------------------------------------------------------------------
[debug] 
[info] Starting Firebase development server...
[info] 
[info] Project Directory: /Users/squeen/GitHub/autonomous-app
[info] Public Directory: ./
[info] 
[info] Server listening at: http://localhost:5000
